<?xml version="1.0" encoding="UTF-8"?>
<!-- Generated by org.testng.reporters.JUnitReportReporter -->
<testsuite hostname="LAPTOP-7S89AT5P" failures="0" tests="1" name="com.automatemavenjenkins.Automatemavenjenkins.FirstLaunchDemo" time="1.346" errors="0" timestamp="2024-06-23T00:20:25 IST" skipped="0">
  <testcase classname="com.automatemavenjenkins.Automatemavenjenkins.FirstLaunchDemo" name="launch" time="1.346"/>
  <system-out/>
</testsuite> <!-- com.automatemavenjenkins.Automatemavenjenkins.FirstLaunchDemo -->
